<?xml version="1.0" encoding="UTF-8"?>
<!-- Generated by org.testng.reporters.JUnitReportReporter -->
<testsuite hostname="DESKTOP-NUPR5GG" name="com.vcentry.tnstc.testcases.RegPageTest" tests="1" failures="0" timestamp="9 Sep 2019 08:25:36 GMT" time="25.015" errors="0">
  <testcase name="validateRegPage" time="25.015" classname="com.vcentry.tnstc.testcases.RegPageTest"/>
</testsuite> <!-- com.vcentry.tnstc.testcases.RegPageTest -->
